Arguments: 
  C:\Program Files\nodejs\node.exe C:\Users\SK\AppData\Roaming\npm\node_modules\yarn\bin\yarn.js init

PATH: 
  C:\Windows\system32;C:\Windows;C:\Windows\System32\Wbem;C:\Windows\System32\WindowsPowerShell\v1.0\;C:\Windows\System32\OpenSSH\;C:\Program Files (x86)\NVIDIA Corporation\PhysX\Common;C:\Program Files\NVIDIA Corporation\NVIDIA NvDLISR;C:\WINDOWS\system32;C:\WINDOWS;C:\WINDOWS\System32\Wbem;C:\WINDOWS\System32\WindowsPowerShell\v1.0\;C:\WINDOWS\System32\OpenSSH\;C:\Program Files\nodejs\;C:\Program Files\Docker\Docker\resources\bin;C:\ProgramData\DockerDesktop\version-bin;C:\Program Files\Git\cmd;C:\Users\SK\AppData\Local\Programs\Python\Python310\Scripts\;C:\Users\SK\AppData\Local\Programs\Python\Python310\;C:\Users\SK\AppData\Local\Programs\Python\Python39\Scripts\;C:\Users\SK\AppData\Local\Programs\Python\Python39\;C:\Users\SK\AppData\Local\Microsoft\WindowsApps;C:\hexdump-2.0.2\;C:\AT28C64-EEPROM-Programmer-main\prom\;C:\vasm6502\vasm6502_oldstyle\win\win10\;C:\Program Files\Azure Data Studio\bin;C:\Users\SK\AppData\Roaming\npm;C:\Users\SK\AppData\Local\GitHubDesktop\bin;C:\Program Files\MongoDB\Server\5.0\bin;C:\Program Files\nodejs\node_modules\npm\bin;C:\Users\SK\AppData\Local\Programs\Microsoft VS Code\bin;C:\Program Files (x86)\WiX Toolset v3.11\bin;C:\Program Files\wkhtmltopdf\bin;C:\Users\SK\AppData\Local\Yarn\bin;

Yarn version: 
  1.22.17

Node version: 
  16.14.0

Platform: 
  win32 x64

Trace: 
  Error: canceled
      at Interface.<anonymous> (C:\Users\SK\AppData\Roaming\npm\node_modules\yarn\lib\cli.js:137143:13)
      at Interface.emit (node:events:520:28)
      at Interface._ttyWrite (node:readline:1081:16)
      at ReadStream.onkeypress (node:readline:288:10)
      at ReadStream.emit (node:events:520:28)
      at emitKeys (node:internal/readline/utils:358:14)
      at emitKeys.next (<anonymous>)
      at ReadStream.onData (node:internal/readline/emitKeypressEvents:61:36)
      at ReadStream.emit (node:events:520:28)
      at addChunk (node:internal/streams/readable:315:12)

npm manifest: 
  No manifest

yarn manifest: 
  No manifest

Lockfile: 
  No lockfile
